Unhandled rejection Error: ENOENT: no such file or directory, unlink '/home/user101/site/public/images/uploads/user_null/avatar_1515572041141.jpg'
    at Object.fs.unlinkSync (fs.js:1067:18)
    at /home/user101/site/routes/site/auth.js:262:9
    at tryCatcher (/home/user101/site/node_modules/bluebird/js/release/util.js:16:23)
    at Promise._settlePromiseFromHandler (/home/user101/site/node_modules/bluebird/js/release/promise.js:510:31)
    at Promise._settlePromise (/home/user101/site/node_modules/bluebird/js/release/promise.js:567:18)
    at Promise._settlePromise0 (/home/user101/site/node_modules/bluebird/js/release/promise.js:612:10)
    at Promise._settlePromises (/home/user101/site/node_modules/bluebird/js/release/promise.js:687:18)
    at Async._drainQueue (/home/user101/site/node_modules/bluebird/js/release/async.js:138:16)
    at Async._drainQueues (/home/user101/site/node_modules/bluebird/js/release/async.js:148:10)
    at Immediate.Async.drainQueues (/home/user101/site/node_modules/bluebird/js/release/async.js:17:14)
    at runCallback (timers.js:781:20)
    at tryOnImmediate (timers.js:743:5)
    at processImmediate [as _immediateCallback] (timers.js:714:5)
Unhandled rejection Error: EEXIST: file already exists, mkdir '/home/user101/site/public/images/uploads/user_null'
    at Object.fs.mkdirSync (fs.js:891:18)
    at /home/user101/site/routes/site/auth.js:145:9
    at tryCatcher (/home/user101/site/node_modules/bluebird/js/release/util.js:16:23)
    at Promise._settlePromiseFromHandler (/home/user101/site/node_modules/bluebird/js/release/promise.js:510:31)
    at Promise._settlePromise (/home/user101/site/node_modules/bluebird/js/release/promise.js:567:18)
    at Promise._settlePromiseCtx (/home/user101/site/node_modules/bluebird/js/release/promise.js:604:10)
    at Async._drainQueue (/home/user101/site/node_modules/bluebird/js/release/async.js:143:12)
    at Async._drainQueues (/home/user101/site/node_modules/bluebird/js/release/async.js:148:10)
    at Immediate.Async.drainQueues (/home/user101/site/node_modules/bluebird/js/release/async.js:17:14)
    at runCallback (timers.js:781:20)
    at tryOnImmediate (timers.js:743:5)
    at processImmediate [as _immediateCallback] (timers.js:714:5)
Unhandled rejection Error: EEXIST: file already exists, mkdir '/home/user101/site/public/images/uploads/user_null'
    at Object.fs.mkdirSync (fs.js:891:18)
    at /home/user101/site/routes/site/auth.js:145:9
    at tryCatcher (/home/user101/site/node_modules/bluebird/js/release/util.js:16:23)
    at Promise._settlePromiseFromHandler (/home/user101/site/node_modules/bluebird/js/release/promise.js:510:31)
    at Promise._settlePromise (/home/user101/site/node_modules/bluebird/js/release/promise.js:567:18)
    at Promise._settlePromiseCtx (/home/user101/site/node_modules/bluebird/js/release/promise.js:604:10)
    at Async._drainQueue (/home/user101/site/node_modules/bluebird/js/release/async.js:143:12)
    at Async._drainQueues (/home/user101/site/node_modules/bluebird/js/release/async.js:148:10)
    at Immediate.Async.drainQueues (/home/user101/site/node_modules/bluebird/js/release/async.js:17:14)
    at runCallback (timers.js:781:20)
    at tryOnImmediate (timers.js:743:5)
    at processImmediate [as _immediateCallback] (timers.js:714:5)
Unhandled rejection Error: EEXIST: file already exists, mkdir '/home/user101/site/public/images/uploads/user_null'
    at Object.fs.mkdirSync (fs.js:891:18)
    at /home/user101/site/routes/site/auth.js:145:9
    at tryCatcher (/home/user101/site/node_modules/bluebird/js/release/util.js:16:23)
    at Promise._settlePromiseFromHandler (/home/user101/site/node_modules/bluebird/js/release/promise.js:510:31)
    at Promise._settlePromise (/home/user101/site/node_modules/bluebird/js/release/promise.js:567:18)
    at Promise._settlePromiseCtx (/home/user101/site/node_modules/bluebird/js/release/promise.js:604:10)
    at Async._drainQueue (/home/user101/site/node_modules/bluebird/js/release/async.js:143:12)
    at Async._drainQueues (/home/user101/site/node_modules/bluebird/js/release/async.js:148:10)
    at Immediate.Async.drainQueues (/home/user101/site/node_modules/bluebird/js/release/async.js:17:14)
    at runCallback (timers.js:781:20)
    at tryOnImmediate (timers.js:743:5)
    at processImmediate [as _immediateCallback] (timers.js:714:5)
